2015-09-20 10:02:25,092  WARN [ModalContext] - ScalaProject - Project Hello-World has platform default sourceLevel.
2015-09-20 10:02:25,098  WARN [ModalContext] - ScalaProject - Project Hello-World runs on platform default installation.
2015-09-20 10:02:25,624  WARN [Worker-0] - ScalaProject - Project Hello-World has platform default sourceLevel.
2015-09-20 10:02:25,630  WARN [Worker-0] - ScalaProject - Project Hello-World runs on platform default installation.
2015-09-20 10:03:10,663  WARN [Worker-0] - ScalaProject - Project Hello-World has platform default sourceLevel.
2015-09-20 10:03:10,663  WARN [Worker-0] - ScalaProject - Project Hello-World runs on platform default installation.
2015-09-20 10:03:10,741  WARN [Worker-0] - ScalaProject - Project Hello-World has platform default sourceLevel.
2015-09-20 10:03:10,741  WARN [Worker-0] - ScalaProject - Project Hello-World runs on platform default installation.
2015-09-20 10:03:26,579  WARN [main] - ScalaProject - Project Hello-World has platform default sourceLevel.
2015-09-20 10:03:26,579  WARN [main] - ScalaProject - Project Hello-World runs on platform default installation.
2015-09-20 10:03:29,891  WARN [Worker-3] - ScalaProject - Project Hello-World has platform default sourceLevel.
2015-09-20 10:03:29,892  WARN [Worker-3] - ScalaProject - Project Hello-World runs on platform default installation.
2015-09-20 10:03:30,241  WARN [Worker-3] - ScalaProject - Project Hello-World has platform default sourceLevel.
2015-09-20 10:03:30,243  WARN [Worker-3] - ScalaProject - Project Hello-World runs on platform default installation.
2015-09-20 10:03:30,269  WARN [Java indexing] - ScalaProject - Project Hello-World has platform default sourceLevel.
2015-09-20 10:03:30,270  WARN [Java indexing] - ScalaProject - Project Hello-World runs on platform default installation.
2015-09-20 10:03:31,940  WARN [Worker-3] - ScalaProject - Project Hello-World has platform default sourceLevel.
2015-09-20 10:03:31,940  WARN [Worker-3] - ScalaProject - Project Hello-World runs on platform default installation.
2015-09-20 10:03:33,029  WARN [Worker-3] - ScalaProject - Project Hello-World has platform default sourceLevel.
2015-09-20 10:03:33,029  WARN [Worker-3] - ScalaProject - Project Hello-World runs on platform default installation.
2015-09-20 10:03:33,123  WARN [Worker-3] - ScalaProject - Project Hello-World has platform default sourceLevel.
2015-09-20 10:03:33,123  WARN [Worker-3] - ScalaProject - Project Hello-World runs on platform default installation.
2015-09-20 10:03:35,539  WARN [Worker-3] - ScalaProject - Project Hello-World has platform default sourceLevel.
2015-09-20 10:03:35,540  WARN [Worker-3] - ScalaProject - Project Hello-World runs on platform default installation.
2015-09-20 10:03:42,790  WARN [Worker-0] - ScalaProject - Project Hello-World has platform default sourceLevel.
2015-09-20 10:03:42,790  WARN [Worker-0] - ScalaProject - Project Hello-World runs on platform default installation.
2015-09-20 10:03:42,899  WARN [Worker-0] - ScalaProject - Project Hello-World has platform default sourceLevel.
2015-09-20 10:03:42,899  WARN [Worker-0] - ScalaProject - Project Hello-World runs on platform default installation.
2015-09-20 10:03:44,770  WARN [Worker-0] - ScalaProject - Project Hello-World has platform default sourceLevel.
2015-09-20 10:03:44,771  WARN [Worker-0] - ScalaProject - Project Hello-World runs on platform default installation.
2015-09-20 10:04:09,646  WARN [Worker-4] - ScalaProject - Project Hello-World has platform default sourceLevel.
2015-09-20 10:04:09,646  WARN [Worker-4] - ScalaProject - Project Hello-World runs on platform default installation.
2015-09-20 10:04:09,739  WARN [Worker-4] - ScalaProject - Project Hello-World has platform default sourceLevel.
2015-09-20 10:04:09,755  WARN [Worker-4] - ScalaProject - Project Hello-World runs on platform default installation.
2015-09-20 10:04:09,861  WARN [Worker-4] - ScalaProject - Project Hello-World has platform default sourceLevel.
2015-09-20 10:04:09,861  WARN [Worker-4] - ScalaProject - Project Hello-World runs on platform default installation.
2015-09-20 10:04:24,370  WARN [Worker-1] - ScalaProject - Project Hello-World has platform default sourceLevel.
2015-09-20 10:04:24,370  WARN [Worker-1] - ScalaProject - Project Hello-World runs on platform default installation.
2015-09-20 10:04:24,432  WARN [Worker-1] - ScalaProject - Project Hello-World has platform default sourceLevel.
2015-09-20 10:04:24,432  WARN [Worker-1] - ScalaProject - Project Hello-World runs on platform default installation.
2015-09-20 10:04:24,495  WARN [Worker-1] - ScalaProject - Project Hello-World has platform default sourceLevel.
2015-09-20 10:04:24,495  WARN [Worker-1] - ScalaProject - Project Hello-World runs on platform default installation.
2015-09-20 10:04:30,419  WARN [main] - ScalaProject - Project Hello-World has platform default sourceLevel.
2015-09-20 10:04:30,419  WARN [main] - ScalaProject - Project Hello-World runs on platform default installation.
2015-09-20 10:04:31,903  WARN [main] - ScalaProject - Project Hello-World has platform default sourceLevel.
2015-09-20 10:04:31,903  WARN [main] - ScalaProject - Project Hello-World runs on platform default installation.
2015-09-20 10:04:32,559  WARN [Worker-6] - ScalaProject - Project Hello-World has platform default sourceLevel.
2015-09-20 10:04:32,559  WARN [Worker-6] - ScalaProject - Project Hello-World runs on platform default installation.
2015-09-20 10:04:32,637  WARN [Worker-6] - ScalaProject - Project Hello-World has platform default sourceLevel.
2015-09-20 10:04:32,637  WARN [Worker-6] - ScalaProject - Project Hello-World runs on platform default installation.
2015-09-20 10:04:34,586  WARN [Worker-6] - ScalaProject - Project Hello-World has platform default sourceLevel.
2015-09-20 10:04:34,586  WARN [Worker-6] - ScalaProject - Project Hello-World runs on platform default installation.
2015-09-20 10:05:40,536 ERROR [Worker-2] - System.err - SLF4J: Failed to load class "org.slf4j.impl.StaticLoggerBinder".
2015-09-20 10:05:40,536 ERROR [Worker-2] - System.err - SLF4J: Defaulting to no-operation (NOP) logger implementation
2015-09-20 10:05:40,536 ERROR [Worker-2] - System.err - SLF4J: See http://www.slf4j.org/codes.html#StaticLoggerBinder for further details.
2015-09-20 10:08:28,595  WARN [Worker-9] - ScalaProject - Project Hello-World has platform default sourceLevel.
2015-09-20 10:08:28,595  WARN [Worker-9] - ScalaProject - Project Hello-World runs on platform default installation.
2015-09-20 10:08:28,673  WARN [Worker-9] - ScalaProject - Project Hello-World has platform default sourceLevel.
2015-09-20 10:08:28,673  WARN [Worker-9] - ScalaProject - Project Hello-World runs on platform default installation.
2015-09-20 10:08:41,336  WARN [Worker-9] - ScalaProject - Project Hello-World has platform default sourceLevel.
2015-09-20 10:08:41,336  WARN [Worker-9] - ScalaProject - Project Hello-World runs on platform default installation.
2015-09-20 10:09:00,611  WARN [Worker-10] - ScalaProject - Project Hello-World has platform default sourceLevel.
2015-09-20 10:09:00,611  WARN [Worker-10] - ScalaProject - Project Hello-World runs on platform default installation.
2015-09-20 10:09:00,697  WARN [Worker-10] - ScalaProject - Project Hello-World has platform default sourceLevel.
2015-09-20 10:09:00,697  WARN [Worker-10] - ScalaProject - Project Hello-World runs on platform default installation.
2015-09-20 10:09:05,289  WARN [Worker-10] - ScalaProject - Project Hello-World has platform default sourceLevel.
2015-09-20 10:09:05,289  WARN [Worker-10] - ScalaProject - Project Hello-World runs on platform default installation.
2015-09-20 10:10:10,838  WARN [Worker-3] - ScalaProject - Project Hello-World has platform default sourceLevel.
2015-09-20 10:10:10,838  WARN [Worker-3] - ScalaProject - Project Hello-World runs on platform default installation.
2015-09-20 10:10:10,916  WARN [Worker-3] - ScalaProject - Project Hello-World has platform default sourceLevel.
2015-09-20 10:10:10,932  WARN [Worker-3] - ScalaProject - Project Hello-World runs on platform default installation.
2015-09-20 10:10:10,994  WARN [Worker-3] - ScalaProject - Project Hello-World has platform default sourceLevel.
2015-09-20 10:10:10,994  WARN [Worker-3] - ScalaProject - Project Hello-World runs on platform default installation.
2015-09-20 10:10:13,887  WARN [Worker-12] - ScalaProject - Project Hello-World has platform default sourceLevel.
2015-09-20 10:10:13,887  WARN [Worker-12] - ScalaProject - Project Hello-World runs on platform default installation.
2015-09-20 10:10:13,965  WARN [Worker-12] - ScalaProject - Project Hello-World has platform default sourceLevel.
2015-09-20 10:10:13,965  WARN [Worker-12] - ScalaProject - Project Hello-World runs on platform default installation.
2015-09-20 10:10:14,059  WARN [Worker-12] - ScalaProject - Project Hello-World has platform default sourceLevel.
2015-09-20 10:10:14,059  WARN [Worker-12] - ScalaProject - Project Hello-World runs on platform default installation.
2015-09-20 10:10:17,119  WARN [Worker-9] - ScalaProject - Project Hello-World has platform default sourceLevel.
2015-09-20 10:10:17,119  WARN [Worker-9] - ScalaProject - Project Hello-World runs on platform default installation.
2015-09-20 10:10:17,166  WARN [Worker-9] - ScalaProject - Project Hello-World has platform default sourceLevel.
2015-09-20 10:10:17,166  WARN [Worker-9] - ScalaProject - Project Hello-World runs on platform default installation.
2015-09-20 10:10:17,229  WARN [Worker-9] - ScalaProject - Project Hello-World has platform default sourceLevel.
2015-09-20 10:10:17,229  WARN [Worker-9] - ScalaProject - Project Hello-World runs on platform default installation.
2015-09-20 10:10:26,965  WARN [Worker-9] - ScalaProject - Project Hello-World has platform default sourceLevel.
2015-09-20 10:10:26,965  WARN [Worker-9] - ScalaProject - Project Hello-World runs on platform default installation.
2015-09-20 10:10:27,059  WARN [Worker-9] - ScalaProject - Project Hello-World has platform default sourceLevel.
2015-09-20 10:10:27,059  WARN [Worker-9] - ScalaProject - Project Hello-World runs on platform default installation.
2015-09-20 10:10:27,137  WARN [Worker-9] - ScalaProject - Project Hello-World has platform default sourceLevel.
2015-09-20 10:10:27,137  WARN [Worker-9] - ScalaProject - Project Hello-World runs on platform default installation.
2015-09-20 10:10:34,131  WARN [Worker-6] - ScalaProject - Project Hello-World has platform default sourceLevel.
2015-09-20 10:10:34,131  WARN [Worker-6] - ScalaProject - Project Hello-World runs on platform default installation.
2015-09-20 10:10:34,194  WARN [Worker-6] - ScalaProject - Project Hello-World has platform default sourceLevel.
2015-09-20 10:10:34,194  WARN [Worker-6] - ScalaProject - Project Hello-World runs on platform default installation.
2015-09-20 10:10:34,288  WARN [Worker-6] - ScalaProject - Project Hello-World has platform default sourceLevel.
2015-09-20 10:10:34,288  WARN [Worker-6] - ScalaProject - Project Hello-World runs on platform default installation.
2015-09-20 10:10:37,335  WARN [Worker-14] - ScalaProject - Project Hello-World has platform default sourceLevel.
2015-09-20 10:10:37,335  WARN [Worker-14] - ScalaProject - Project Hello-World runs on platform default installation.
2015-09-20 10:10:37,413  WARN [Worker-14] - ScalaProject - Project Hello-World has platform default sourceLevel.
2015-09-20 10:10:37,413  WARN [Worker-14] - ScalaProject - Project Hello-World runs on platform default installation.
2015-09-20 10:10:37,491  WARN [Worker-14] - ScalaProject - Project Hello-World has platform default sourceLevel.
2015-09-20 10:10:37,491  WARN [Worker-14] - ScalaProject - Project Hello-World runs on platform default installation.
2015-09-20 10:10:46,725  WARN [Worker-10] - ScalaProject - Project Hello-World has platform default sourceLevel.
2015-09-20 10:10:46,725  WARN [Worker-10] - ScalaProject - Project Hello-World runs on platform default installation.
2015-09-20 10:10:46,803  WARN [Worker-10] - ScalaProject - Project Hello-World has platform default sourceLevel.
2015-09-20 10:10:46,803  WARN [Worker-10] - ScalaProject - Project Hello-World runs on platform default installation.
2015-09-20 10:10:46,881  WARN [Worker-10] - ScalaProject - Project Hello-World has platform default sourceLevel.
2015-09-20 10:10:46,881  WARN [Worker-10] - ScalaProject - Project Hello-World runs on platform default installation.
2015-09-20 10:10:53,359  WARN [Worker-9] - ScalaProject - Project Hello-World has platform default sourceLevel.
2015-09-20 10:10:53,360  WARN [Worker-9] - ScalaProject - Project Hello-World runs on platform default installation.
2015-09-20 10:10:53,415  WARN [Worker-9] - ScalaProject - Project Hello-World has platform default sourceLevel.
2015-09-20 10:10:53,415  WARN [Worker-9] - ScalaProject - Project Hello-World runs on platform default installation.
2015-09-20 10:10:53,493  WARN [Worker-9] - ScalaProject - Project Hello-World has platform default sourceLevel.
2015-09-20 10:10:53,493  WARN [Worker-9] - ScalaProject - Project Hello-World runs on platform default installation.
2015-09-20 10:10:55,688  WARN [Worker-10] - ScalaProject - Project Hello-World has platform default sourceLevel.
2015-09-20 10:10:55,689  WARN [Worker-10] - ScalaProject - Project Hello-World runs on platform default installation.
2015-09-20 10:10:55,761  WARN [Worker-10] - ScalaProject - Project Hello-World has platform default sourceLevel.
2015-09-20 10:10:55,761  WARN [Worker-10] - ScalaProject - Project Hello-World runs on platform default installation.
2015-09-20 10:10:55,865  WARN [Worker-10] - ScalaProject - Project Hello-World has platform default sourceLevel.
2015-09-20 10:10:55,865  WARN [Worker-10] - ScalaProject - Project Hello-World runs on platform default installation.
2015-09-20 10:10:57,075  WARN [Worker-11] - ScalaProject - Project Hello-World has platform default sourceLevel.
2015-09-20 10:10:57,075  WARN [Worker-11] - ScalaProject - Project Hello-World runs on platform default installation.
2015-09-20 10:10:57,122  WARN [Worker-11] - ScalaProject - Project Hello-World has platform default sourceLevel.
2015-09-20 10:10:57,122  WARN [Worker-11] - ScalaProject - Project Hello-World runs on platform default installation.
2015-09-20 10:10:57,169  WARN [Worker-11] - ScalaProject - Project Hello-World has platform default sourceLevel.
2015-09-20 10:10:57,169  WARN [Worker-11] - ScalaProject - Project Hello-World runs on platform default installation.
2015-09-20 10:11:03,789  WARN [Worker-12] - ScalaProject - Project Hello-World has platform default sourceLevel.
2015-09-20 10:11:03,789  WARN [Worker-12] - ScalaProject - Project Hello-World runs on platform default installation.
2015-09-20 10:11:03,867  WARN [Worker-12] - ScalaProject - Project Hello-World has platform default sourceLevel.
2015-09-20 10:11:03,867  WARN [Worker-12] - ScalaProject - Project Hello-World runs on platform default installation.
2015-09-20 10:11:03,945  WARN [Worker-12] - ScalaProject - Project Hello-World has platform default sourceLevel.
2015-09-20 10:11:03,945  WARN [Worker-12] - ScalaProject - Project Hello-World runs on platform default installation.
2015-09-20 10:11:05,702  WARN [Worker-9] - ScalaProject - Project Hello-World has platform default sourceLevel.
2015-09-20 10:11:05,702  WARN [Worker-9] - ScalaProject - Project Hello-World runs on platform default installation.
2015-09-20 10:11:05,748  WARN [Worker-9] - ScalaProject - Project Hello-World has platform default sourceLevel.
2015-09-20 10:11:05,748  WARN [Worker-9] - ScalaProject - Project Hello-World runs on platform default installation.
2015-09-20 10:11:05,811  WARN [Worker-9] - ScalaProject - Project Hello-World has platform default sourceLevel.
2015-09-20 10:11:05,811  WARN [Worker-9] - ScalaProject - Project Hello-World runs on platform default installation.
2015-09-20 10:11:07,686  WARN [Worker-12] - ScalaProject - Project Hello-World has platform default sourceLevel.
2015-09-20 10:11:07,686  WARN [Worker-12] - ScalaProject - Project Hello-World runs on platform default installation.
2015-09-20 10:11:07,764  WARN [Worker-12] - ScalaProject - Project Hello-World has platform default sourceLevel.
2015-09-20 10:11:07,764  WARN [Worker-12] - ScalaProject - Project Hello-World runs on platform default installation.
2015-09-20 10:11:07,842  WARN [Worker-12] - ScalaProject - Project Hello-World has platform default sourceLevel.
2015-09-20 10:11:07,842  WARN [Worker-12] - ScalaProject - Project Hello-World runs on platform default installation.
2015-09-20 10:11:16,187  WARN [Worker-9] - ScalaProject - Project Hello-World has platform default sourceLevel.
2015-09-20 10:11:16,187  WARN [Worker-9] - ScalaProject - Project Hello-World runs on platform default installation.
2015-09-20 10:11:16,265  WARN [Worker-9] - ScalaProject - Project Hello-World has platform default sourceLevel.
2015-09-20 10:11:16,265  WARN [Worker-9] - ScalaProject - Project Hello-World runs on platform default installation.
2015-09-20 10:11:16,327  WARN [Worker-9] - ScalaProject - Project Hello-World has platform default sourceLevel.
2015-09-20 10:11:16,327  WARN [Worker-9] - ScalaProject - Project Hello-World runs on platform default installation.
2015-09-20 10:11:18,491  WARN [Worker-6] - ScalaProject - Project Hello-World has platform default sourceLevel.
2015-09-20 10:11:18,491  WARN [Worker-6] - ScalaProject - Project Hello-World runs on platform default installation.
2015-09-20 10:11:18,538  WARN [Worker-6] - ScalaProject - Project Hello-World has platform default sourceLevel.
2015-09-20 10:11:18,538  WARN [Worker-6] - ScalaProject - Project Hello-World runs on platform default installation.
2015-09-20 10:11:18,603  WARN [Worker-6] - ScalaProject - Project Hello-World has platform default sourceLevel.
2015-09-20 10:11:18,604  WARN [Worker-6] - ScalaProject - Project Hello-World runs on platform default installation.
2015-09-20 10:11:38,295  WARN [Worker-14] - ScalaProject - Project Hello-World has platform default sourceLevel.
2015-09-20 10:11:38,295  WARN [Worker-14] - ScalaProject - Project Hello-World runs on platform default installation.
2015-09-20 10:11:38,374  WARN [Worker-14] - ScalaProject - Project Hello-World has platform default sourceLevel.
2015-09-20 10:11:38,374  WARN [Worker-14] - ScalaProject - Project Hello-World runs on platform default installation.
2015-09-20 10:11:38,460  WARN [Worker-14] - ScalaProject - Project Hello-World has platform default sourceLevel.
2015-09-20 10:11:38,461  WARN [Worker-14] - ScalaProject - Project Hello-World runs on platform default installation.
2015-09-20 10:11:41,125  WARN [Worker-13] - ScalaProject - Project Hello-World has platform default sourceLevel.
2015-09-20 10:11:41,125  WARN [Worker-13] - ScalaProject - Project Hello-World runs on platform default installation.
2015-09-20 10:11:41,172  WARN [Worker-13] - ScalaProject - Project Hello-World has platform default sourceLevel.
2015-09-20 10:11:41,172  WARN [Worker-13] - ScalaProject - Project Hello-World runs on platform default installation.
2015-09-20 10:11:41,219  WARN [Worker-13] - ScalaProject - Project Hello-World has platform default sourceLevel.
2015-09-20 10:11:41,219  WARN [Worker-13] - ScalaProject - Project Hello-World runs on platform default installation.
2015-09-20 10:11:44,243  WARN [Worker-3] - ScalaProject - Project Hello-World has platform default sourceLevel.
2015-09-20 10:11:44,243  WARN [Worker-3] - ScalaProject - Project Hello-World runs on platform default installation.
2015-09-20 10:11:44,321  WARN [Worker-3] - ScalaProject - Project Hello-World has platform default sourceLevel.
2015-09-20 10:11:44,321  WARN [Worker-3] - ScalaProject - Project Hello-World runs on platform default installation.
2015-09-20 10:11:44,384  WARN [Worker-3] - ScalaProject - Project Hello-World has platform default sourceLevel.
2015-09-20 10:11:44,384  WARN [Worker-3] - ScalaProject - Project Hello-World runs on platform default installation.
2015-09-20 10:11:46,539  WARN [Worker-6] - ScalaProject - Project Hello-World has platform default sourceLevel.
2015-09-20 10:11:46,539  WARN [Worker-6] - ScalaProject - Project Hello-World runs on platform default installation.
2015-09-20 10:11:46,586  WARN [Worker-6] - ScalaProject - Project Hello-World has platform default sourceLevel.
2015-09-20 10:11:46,586  WARN [Worker-6] - ScalaProject - Project Hello-World runs on platform default installation.
2015-09-20 10:11:46,633  WARN [Worker-6] - ScalaProject - Project Hello-World has platform default sourceLevel.
2015-09-20 10:11:46,633  WARN [Worker-6] - ScalaProject - Project Hello-World runs on platform default installation.
2015-09-20 10:11:48,334  WARN [Worker-16] - ScalaProject - Project Hello-World has platform default sourceLevel.
2015-09-20 10:11:48,334  WARN [Worker-16] - ScalaProject - Project Hello-World runs on platform default installation.
2015-09-20 10:11:48,413  WARN [Worker-16] - ScalaProject - Project Hello-World has platform default sourceLevel.
2015-09-20 10:11:48,413  WARN [Worker-16] - ScalaProject - Project Hello-World runs on platform default installation.
2015-09-20 10:11:48,475  WARN [Worker-16] - ScalaProject - Project Hello-World has platform default sourceLevel.
2015-09-20 10:11:48,475  WARN [Worker-16] - ScalaProject - Project Hello-World runs on platform default installation.
2015-09-20 10:11:50,782  WARN [Worker-15] - ScalaProject - Project Hello-World has platform default sourceLevel.
2015-09-20 10:11:50,782  WARN [Worker-15] - ScalaProject - Project Hello-World runs on platform default installation.
2015-09-20 10:11:50,829  WARN [Worker-15] - ScalaProject - Project Hello-World has platform default sourceLevel.
2015-09-20 10:11:50,829  WARN [Worker-15] - ScalaProject - Project Hello-World runs on platform default installation.
2015-09-20 10:11:50,876  WARN [Worker-15] - ScalaProject - Project Hello-World has platform default sourceLevel.
2015-09-20 10:11:50,876  WARN [Worker-15] - ScalaProject - Project Hello-World runs on platform default installation.
2015-09-20 12:29:08,710  WARN [ModalContext] - ScalaProject - Project progfun-example has platform default sourceLevel.
2015-09-20 12:29:08,711  WARN [ModalContext] - ScalaProject - Project progfun-example runs on platform default installation.
2015-09-20 12:29:08,884  WARN [ModalContext] - ScalaProject - Project progfun-example has platform default sourceLevel.
2015-09-20 12:29:08,885  WARN [ModalContext] - ScalaProject - Project progfun-example runs on platform default installation.
2015-09-20 12:29:09,238  WARN [Worker-38] - ScalaProject - Project progfun-example has platform default sourceLevel.
2015-09-20 12:29:09,238  WARN [Worker-38] - ScalaProject - Project progfun-example runs on platform default installation.
2015-09-20 12:29:09,338  WARN [main] - org.scala-ide.sdt.core - org.scala-ide.sdt.core - org.scala-ide.sdt.core - 0 - Preference scala.compiler.sourceLevel was uninitialized for progfun-example, setting default to 2.11.
2015-09-20 12:29:09,342  WARN [main] - org.scala-ide.sdt.core - org.scala-ide.sdt.core - org.scala-ide.sdt.core - 0 - Preference scala.compiler.installation was uninitialized for progfun-example, setting default to 2.11.
2015-09-20 12:33:07,710 ERROR [Text Viewer Hover Presenter] - IScalaPresentationCompiler$ - Ignoring InterruptException
2015-09-20 12:33:07,710 ERROR [Text Viewer Hover Presenter] - IScalaPresentationCompiler$ - Ignoring InterruptException
2015-09-20 12:33:07,710 ERROR [Text Viewer Hover Presenter] - IScalaPresentationCompiler$ - Ignoring InterruptException
2015-09-20 12:38:47,185 ERROR [Text Viewer Hover Presenter] - IScalaPresentationCompiler$ - Ignoring InterruptException
2015-09-20 12:38:47,232 ERROR [Text Viewer Hover Presenter] - IScalaPresentationCompiler$ - Ignoring InterruptException
2015-09-20 12:38:54,464  WARN [org.scalaide.ui.internal.reconciliation.ScalaReconciler] - ImplicitHighlightingPresenter - Timeout while waiting for `askLoadedTyped` during semantic highlighting.
2015-09-20 12:38:56,356  WARN [org.scalaide.ui.internal.reconciliation.ScalaReconciler] - ImplicitHighlightingPresenter - Timeout while waiting for `askLoadedTyped` during semantic highlighting.
2015-09-20 12:39:34,866 ERROR [Text Viewer Hover Presenter] - IScalaPresentationCompiler$ - Ignoring InterruptException
2015-09-20 12:39:34,866 ERROR [Text Viewer Hover Presenter] - IScalaPresentationCompiler$ - Ignoring InterruptException
2015-09-20 12:39:34,866 ERROR [Text Viewer Hover Presenter] - IScalaPresentationCompiler$ - Ignoring InterruptException
2015-09-20 12:39:37,116 ERROR [Text Viewer Hover Presenter] - IScalaPresentationCompiler$ - Ignoring InterruptException
2015-09-20 12:40:53,636  WARN [org.scalaide.ui.internal.reconciliation.ScalaReconciler] - CallByNameParamAtCreationPresenter - Timeout while waiting for `askLoadedTyped` during semantic highlighting.
2015-09-20 12:41:03,513 ERROR [Text Viewer Hover Presenter] - IScalaPresentationCompiler$ - Ignoring InterruptException
2015-09-20 12:41:03,513 ERROR [Text Viewer Hover Presenter] - IScalaPresentationCompiler$ - Ignoring InterruptException
2015-09-20 12:41:03,513 ERROR [Text Viewer Hover Presenter] - IScalaPresentationCompiler$ - Ignoring InterruptException
2015-09-20 13:27:36,059 ERROR [Text Viewer Hover Presenter] - IScalaPresentationCompiler$ - Ignoring InterruptException
2015-09-20 13:27:36,059 ERROR [Text Viewer Hover Presenter] - IScalaPresentationCompiler$ - Ignoring InterruptException
2015-09-20 13:27:36,059 ERROR [Text Viewer Hover Presenter] - IScalaPresentationCompiler$ - Ignoring InterruptException
2015-09-20 14:19:50,621 ERROR [Text Viewer Hover Presenter] - IScalaPresentationCompiler$ - Ignoring InterruptException
2015-09-20 14:19:50,623 ERROR [Text Viewer Hover Presenter] - IScalaPresentationCompiler$ - Ignoring InterruptException
2015-09-20 14:21:03,427 ERROR [Text Viewer Hover Presenter] - IScalaPresentationCompiler$ - Ignoring InterruptException
2015-09-20 14:21:03,428 ERROR [Text Viewer Hover Presenter] - IScalaPresentationCompiler$ - Ignoring InterruptException
2015-09-20 14:21:03,428 ERROR [Text Viewer Hover Presenter] - IScalaPresentationCompiler$ - Ignoring InterruptException
2015-09-20 14:21:19,387 ERROR [Text Viewer Hover Presenter] - IScalaPresentationCompiler$ - Ignoring InterruptException
2015-09-20 14:21:19,387 ERROR [Text Viewer Hover Presenter] - IScalaPresentationCompiler$ - Ignoring InterruptException
2015-09-20 14:21:19,387 ERROR [Text Viewer Hover Presenter] - IScalaPresentationCompiler$ - Ignoring InterruptException
2015-09-20 14:22:18,776 ERROR [main] - org.scala-ide.sdt.core - org.scala-ide.sdt.core - org.scala-ide.sdt.core - 0 - Throwable during asyncExec
java.lang.StringIndexOutOfBoundsException: String index out of range: -1
	at java.lang.String.substring(Unknown Source)
	at scala.tools.refactoring.common.PimpedTrees$TreeMethodsForPositions.nameString(PimpedTrees.scala:345)
	at scala.tools.refactoring.common.PimpedTrees$TreeMethodsForPositions.namePosition(PimpedTrees.scala:253)
	at org.scalaide.core.internal.decorators.semantichighlighting.classifier.SafeSymbol$$anonfun$6.apply(SafeSymbol.scala:138)
	at org.scalaide.core.internal.decorators.semantichighlighting.classifier.SafeSymbol$$anonfun$6.apply(SafeSymbol.scala:138)
	at scala.tools.nsc.util.InterruptReq.execute(InterruptReq.scala:26)
	at scala.tools.nsc.interactive.Global$$anonfun$pollForWork$1.apply$mcV$sp(Global.scala:455)
	at scala.util.control.Breaks.breakable(Breaks.scala:38)
	at scala.tools.nsc.interactive.Global.pollForWork(Global.scala:429)
	at scala.tools.nsc.interactive.PresentationCompilerThread.run(PresentationCompilerThread.scala:22)
2015-09-20 14:23:30,061  WARN [org.scalaide.ui.internal.reconciliation.ScalaReconciler] - CallByNameParamAtCreationPresenter - Timeout while waiting for `askLoadedTyped` during semantic highlighting.
2015-09-20 14:25:25,897 ERROR [main] - org.scala-ide.sdt.core - org.scala-ide.sdt.core - org.scala-ide.sdt.core - 0 - Throwable during asyncExec
java.lang.StringIndexOutOfBoundsException: String index out of range: -1
	at java.lang.String.substring(Unknown Source)
	at scala.tools.refactoring.common.PimpedTrees$TreeMethodsForPositions.nameString(PimpedTrees.scala:345)
	at scala.tools.refactoring.common.PimpedTrees$TreeMethodsForPositions.namePosition(PimpedTrees.scala:253)
	at org.scalaide.core.internal.decorators.semantichighlighting.classifier.SafeSymbol$$anonfun$6.apply(SafeSymbol.scala:138)
	at org.scalaide.core.internal.decorators.semantichighlighting.classifier.SafeSymbol$$anonfun$6.apply(SafeSymbol.scala:138)
	at scala.tools.nsc.util.InterruptReq.execute(InterruptReq.scala:26)
	at scala.tools.nsc.interactive.Global$$anonfun$pollForWork$1.apply$mcV$sp(Global.scala:455)
	at scala.util.control.Breaks.breakable(Breaks.scala:38)
	at scala.tools.nsc.interactive.Global.pollForWork(Global.scala:429)
	at scala.tools.nsc.interactive.Global.checkForMoreWork(Global.scala:518)
	at scala.tools.nsc.interactive.Global.signalDone(Global.scala:359)
	at scala.tools.nsc.typechecker.Typers$Typer.runTyper$1(Typers.scala:5417)
	at scala.tools.nsc.typechecker.Typers$Typer.scala$tools$nsc$typechecker$Typers$Typer$$typedInternal(Typers.scala:5422)
	at scala.tools.nsc.typechecker.Typers$Typer.body$2(Typers.scala:5369)
	at scala.tools.nsc.typechecker.Typers$Typer.typed(Typers.scala:5373)
	at scala.tools.nsc.typechecker.Typers$Typer.transformedOrTyped(Typers.scala:5604)
	at scala.tools.nsc.typechecker.Typers$Typer.typedDefDef(Typers.scala:2208)
	at scala.tools.nsc.typechecker.Typers$Typer.typedMemberDef$1(Typers.scala:5307)
	at scala.tools.nsc.typechecker.Typers$Typer.typed1(Typers.scala:5358)
	at scala.tools.nsc.typechecker.Typers$Typer.runTyper$1(Typers.scala:5395)
	at scala.tools.nsc.typechecker.Typers$Typer.scala$tools$nsc$typechecker$Typers$Typer$$typedInternal(Typers.scala:5422)
	at scala.tools.nsc.typechecker.Typers$Typer.body$2(Typers.scala:5369)
	at scala.tools.nsc.typechecker.Typers$Typer.typed(Typers.scala:5373)
	at scala.tools.nsc.typechecker.Typers$Typer.typedDocDef(Typers.scala:132)
	at org.scalaide.core.internal.compiler.InteractiveScaladocAnalyzer$$anon$1.scala$tools$nsc$doc$ScaladocAnalyzer$ScaladocTyper$$super$typedDocDef(ScaladocGlobalCompatibilityTrait.scala:10)
	at scala.tools.nsc.doc.ScaladocAnalyzer$ScaladocTyper$class.typedDocDef(ScaladocAnalyzer.scala:52)
	at org.scalaide.core.internal.compiler.InteractiveScaladocAnalyzer$$anon$1.typedDocDef(ScaladocGlobalCompatibilityTrait.scala:10)
	at scala.tools.nsc.typechecker.Typers$Typer.typedOutsidePatternMode$1(Typers.scala:5334)
	at scala.tools.nsc.typechecker.Typers$Typer.typedInAnyMode$1(Typers.scala:5352)
	at scala.tools.nsc.typechecker.Typers$Typer.typed1(Typers.scala:5359)
	at scala.tools.nsc.typechecker.Typers$Typer.runTyper$1(Typers.scala:5395)
	at scala.tools.nsc.typechecker.Typers$Typer.scala$tools$nsc$typechecker$Typers$Typer$$typedInternal(Typers.scala:5422)
	at scala.tools.nsc.typechecker.Typers$Typer.body$2(Typers.scala:5369)
	at scala.tools.nsc.typechecker.Typers$Typer.typed(Typers.scala:5373)
	at scala.tools.nsc.typechecker.Typers$Typer.typedByValueExpr(Typers.scala:5451)
	at scala.tools.nsc.typechecker.Typers$Typer.scala$tools$nsc$typechecker$Typers$Typer$$typedStat$1(Typers.scala:3047)
	at scala.tools.nsc.typechecker.Typers$Typer$$anonfun$65.apply(Typers.scala:3151)
	at scala.tools.nsc.typechecker.Typers$Typer$$anonfun$65.apply(Typers.scala:3151)
	at scala.collection.immutable.List.loop$1(List.scala:173)
	at scala.collection.immutable.List.mapConserve(List.scala:189)
	at scala.tools.nsc.typechecker.Typers$Typer.typedStats(Typers.scala:3151)
	at scala.tools.nsc.typechecker.Typers$Typer.typedTemplate(Typers.scala:1921)
	at scala.tools.nsc.typechecker.Typers$Typer.typedClassDef(Typers.scala:1762)
	at scala.tools.nsc.typechecker.Typers$Typer.typedMemberDef$1(Typers.scala:5308)
	at scala.tools.nsc.typechecker.Typers$Typer.typed1(Typers.scala:5358)
	at scala.tools.nsc.typechecker.Typers$Typer.runTyper$1(Typers.scala:5395)
	at scala.tools.nsc.typechecker.Typers$Typer.scala$tools$nsc$typechecker$Typers$Typer$$typedInternal(Typers.scala:5422)
	at scala.tools.nsc.typechecker.Typers$Typer.body$2(Typers.scala:5369)
	at scala.tools.nsc.typechecker.Typers$Typer.typed(Typers.scala:5373)
	at scala.tools.nsc.typechecker.Typers$Typer.typedDocDef(Typers.scala:132)
	at org.scalaide.core.internal.compiler.InteractiveScaladocAnalyzer$$anon$1.scala$tools$nsc$doc$ScaladocAnalyzer$ScaladocTyper$$super$typedDocDef(ScaladocGlobalCompatibilityTrait.scala:10)
	at scala.tools.nsc.doc.ScaladocAnalyzer$ScaladocTyper$class.typedDocDef(ScaladocAnalyzer.scala:52)
	at org.scalaide.core.internal.compiler.InteractiveScaladocAnalyzer$$anon$1.typedDocDef(ScaladocGlobalCompatibilityTrait.scala:10)
	at scala.tools.nsc.typechecker.Typers$Typer.typedOutsidePatternMode$1(Typers.scala:5334)
	at scala.tools.nsc.typechecker.Typers$Typer.typedInAnyMode$1(Typers.scala:5352)
	at scala.tools.nsc.typechecker.Typers$Typer.typed1(Typers.scala:5359)
	at scala.tools.nsc.typechecker.Typers$Typer.runTyper$1(Typers.scala:5395)
	at scala.tools.nsc.typechecker.Typers$Typer.scala$tools$nsc$typechecker$Typers$Typer$$typedInternal(Typers.scala:5422)
	at scala.tools.nsc.typechecker.Typers$Typer.body$2(Typers.scala:5369)
	at scala.tools.nsc.typechecker.Typers$Typer.typed(Typers.scala:5373)
	at scala.tools.nsc.typechecker.Typers$Typer.typedByValueExpr(Typers.scala:5451)
	at scala.tools.nsc.typechecker.Typers$Typer.scala$tools$nsc$typechecker$Typers$Typer$$typedStat$1(Typers.scala:3047)
	at scala.tools.nsc.typechecker.Typers$Typer$$anonfun$65.apply(Typers.scala:3151)
	at scala.tools.nsc.typechecker.Typers$Typer$$anonfun$65.apply(Typers.scala:3151)
	at scala.collection.immutable.List.loop$1(List.scala:173)
	at scala.collection.immutable.List.mapConserve(List.scala:189)
	at scala.tools.nsc.typechecker.Typers$Typer.typedStats(Typers.scala:3151)
	at scala.tools.nsc.typechecker.Typers$Typer.typedPackageDef$1(Typers.scala:5014)
	at scala.tools.nsc.typechecker.Typers$Typer.typedMemberDef$1(Typers.scala:5311)
	at scala.tools.nsc.typechecker.Typers$Typer.typed1(Typers.scala:5358)
	at scala.tools.nsc.typechecker.Typers$Typer.runTyper$1(Typers.scala:5395)
	at scala.tools.nsc.typechecker.Typers$Typer.scala$tools$nsc$typechecker$Typers$Typer$$typedInternal(Typers.scala:5422)
	at scala.tools.nsc.typechecker.Typers$Typer.body$2(Typers.scala:5369)
	at scala.tools.nsc.typechecker.Typers$Typer.typed(Typers.scala:5373)
	at scala.tools.nsc.typechecker.Typers$Typer.typedByValueExpr(Typers.scala:5451)
	at scala.tools.nsc.typechecker.Typers$Typer.scala$tools$nsc$typechecker$Typers$Typer$$typedStat$1(Typers.scala:3047)
	at scala.tools.nsc.typechecker.Typers$Typer$$anonfun$65.apply(Typers.scala:3151)
	at scala.tools.nsc.typechecker.Typers$Typer$$anonfun$65.apply(Typers.scala:3151)
	at scala.collection.immutable.List.loop$1(List.scala:173)
	at scala.collection.immutable.List.mapConserve(List.scala:189)
	at scala.tools.nsc.typechecker.Typers$Typer.typedStats(Typers.scala:3151)
	at scala.tools.nsc.typechecker.Typers$Typer.typedPackageDef$1(Typers.scala:5014)
	at scala.tools.nsc.typechecker.Typers$Typer.typedMemberDef$1(Typers.scala:5311)
	at scala.tools.nsc.typechecker.Typers$Typer.typed1(Typers.scala:5358)
	at scala.tools.nsc.typechecker.Typers$Typer.runTyper$1(Typers.scala:5395)
	at scala.tools.nsc.typechecker.Typers$Typer.scala$tools$nsc$typechecker$Typers$Typer$$typedInternal(Typers.scala:5422)
	at scala.tools.nsc.typechecker.Typers$Typer.body$2(Typers.scala:5369)
	at scala.tools.nsc.typechecker.Typers$Typer.typed(Typers.scala:5373)
	at scala.tools.nsc.typechecker.Typers$Typer.typed(Typers.scala:5447)
	at scala.tools.nsc.typechecker.Analyzer$typerFactory$$anon$3.apply(Analyzer.scala:102)
	at scala.tools.nsc.Global$GlobalPhase$$anonfun$applyPhase$1.apply$mcV$sp(Global.scala:440)
	at scala.tools.nsc.Global$GlobalPhase.withCurrentUnit(Global.scala:431)
	at scala.tools.nsc.Global$GlobalPhase.applyPhase(Global.scala:440)
	at scala.tools.nsc.interactive.Global$TyperRun$$anonfun$applyPhase$1.apply(Global.scala:1225)
	at scala.tools.nsc.interactive.Global$TyperRun$$anonfun$applyPhase$1.apply(Global.scala:1225)
	at scala.reflect.internal.SymbolTable.enteringPhase(SymbolTable.scala:235)
	at scala.tools.nsc.interactive.Global$TyperRun.applyPhase(Global.scala:1225)
	at scala.tools.nsc.interactive.Global$TyperRun.typeCheck(Global.scala:1218)
	at scala.tools.nsc.interactive.Global.scala$tools$nsc$interactive$Global$$typeCheck(Global.scala:668)
	at scala.tools.nsc.interactive.Global$$anonfun$backgroundCompile$5$$anonfun$apply$8.apply(Global.scala:583)
	at scala.tools.nsc.interactive.Global$$anonfun$backgroundCompile$5.apply(Global.scala:579)
	at scala.tools.nsc.interactive.Global$$anonfun$backgroundCompile$5.apply(Global.scala:579)
	at scala.collection.TraversableLike$WithFilter$$anonfun$foreach$1.apply(TraversableLike.scala:778)
	at scala.collection.immutable.List.foreach(List.scala:381)
	at scala.collection.TraversableLike$WithFilter.foreach(TraversableLike.scala:777)
	at scala.tools.nsc.interactive.Global.backgroundCompile(Global.scala:579)
	at scala.tools.nsc.interactive.PresentationCompilerThread.run(PresentationCompilerThread.scala:25)
2015-09-20 14:25:28,565 ERROR [main] - org.scala-ide.sdt.core - org.scala-ide.sdt.core - org.scala-ide.sdt.core - 0 - Throwable during asyncExec
java.lang.StringIndexOutOfBoundsException: String index out of range: -1
	at java.lang.String.substring(Unknown Source)
	at scala.tools.refactoring.common.PimpedTrees$TreeMethodsForPositions.nameString(PimpedTrees.scala:345)
	at scala.tools.refactoring.common.PimpedTrees$TreeMethodsForPositions.namePosition(PimpedTrees.scala:253)
	at org.scalaide.core.internal.decorators.semantichighlighting.classifier.SafeSymbol$$anonfun$6.apply(SafeSymbol.scala:138)
	at org.scalaide.core.internal.decorators.semantichighlighting.classifier.SafeSymbol$$anonfun$6.apply(SafeSymbol.scala:138)
	at scala.tools.nsc.util.InterruptReq.execute(InterruptReq.scala:26)
	at scala.tools.nsc.interactive.Global$$anonfun$pollForWork$1.apply$mcV$sp(Global.scala:455)
	at scala.util.control.Breaks.breakable(Breaks.scala:38)
	at scala.tools.nsc.interactive.Global.pollForWork(Global.scala:429)
	at scala.tools.nsc.interactive.PresentationCompilerThread.run(PresentationCompilerThread.scala:22)
2015-09-20 14:25:29,714 ERROR [main] - org.scala-ide.sdt.core - org.scala-ide.sdt.core - org.scala-ide.sdt.core - 0 - Throwable during asyncExec
java.lang.StringIndexOutOfBoundsException: String index out of range: -1
	at java.lang.String.substring(Unknown Source)
	at scala.tools.refactoring.common.PimpedTrees$TreeMethodsForPositions.nameString(PimpedTrees.scala:345)
	at scala.tools.refactoring.common.PimpedTrees$TreeMethodsForPositions.namePosition(PimpedTrees.scala:253)
	at org.scalaide.core.internal.decorators.semantichighlighting.classifier.SafeSymbol$$anonfun$6.apply(SafeSymbol.scala:138)
	at org.scalaide.core.internal.decorators.semantichighlighting.classifier.SafeSymbol$$anonfun$6.apply(SafeSymbol.scala:138)
	at scala.tools.nsc.util.InterruptReq.execute(InterruptReq.scala:26)
	at scala.tools.nsc.interactive.Global$$anonfun$pollForWork$1.apply$mcV$sp(Global.scala:455)
	at scala.util.control.Breaks.breakable(Breaks.scala:38)
	at scala.tools.nsc.interactive.Global.pollForWork(Global.scala:429)
	at scala.tools.nsc.interactive.PresentationCompilerThread.run(PresentationCompilerThread.scala:22)
2015-09-20 14:25:31,365 ERROR [main] - org.scala-ide.sdt.core - org.scala-ide.sdt.core - org.scala-ide.sdt.core - 0 - Throwable during asyncExec
java.lang.StringIndexOutOfBoundsException: String index out of range: -1
	at java.lang.String.substring(Unknown Source)
	at scala.tools.refactoring.common.PimpedTrees$TreeMethodsForPositions.nameString(PimpedTrees.scala:345)
	at scala.tools.refactoring.common.PimpedTrees$TreeMethodsForPositions.namePosition(PimpedTrees.scala:253)
	at org.scalaide.core.internal.decorators.semantichighlighting.classifier.SafeSymbol$$anonfun$6.apply(SafeSymbol.scala:138)
	at org.scalaide.core.internal.decorators.semantichighlighting.classifier.SafeSymbol$$anonfun$6.apply(SafeSymbol.scala:138)
	at scala.tools.nsc.util.InterruptReq.execute(InterruptReq.scala:26)
	at scala.tools.nsc.interactive.Global$$anonfun$pollForWork$1.apply$mcV$sp(Global.scala:455)
	at scala.util.control.Breaks.breakable(Breaks.scala:38)
	at scala.tools.nsc.interactive.Global.pollForWork(Global.scala:429)
	at scala.tools.nsc.interactive.PresentationCompilerThread.run(PresentationCompilerThread.scala:22)
2015-09-20 14:25:34,014 ERROR [main] - org.scala-ide.sdt.core - org.scala-ide.sdt.core - org.scala-ide.sdt.core - 0 - Throwable during asyncExec
java.lang.StringIndexOutOfBoundsException: String index out of range: -1
	at java.lang.String.substring(Unknown Source)
	at scala.tools.refactoring.common.PimpedTrees$TreeMethodsForPositions.nameString(PimpedTrees.scala:345)
	at scala.tools.refactoring.common.PimpedTrees$TreeMethodsForPositions.namePosition(PimpedTrees.scala:253)
	at org.scalaide.core.internal.decorators.semantichighlighting.classifier.SafeSymbol$$anonfun$6.apply(SafeSymbol.scala:138)
	at org.scalaide.core.internal.decorators.semantichighlighting.classifier.SafeSymbol$$anonfun$6.apply(SafeSymbol.scala:138)
	at scala.tools.nsc.util.InterruptReq.execute(InterruptReq.scala:26)
	at scala.tools.nsc.interactive.Global$$anonfun$pollForWork$1.apply$mcV$sp(Global.scala:455)
	at scala.util.control.Breaks.breakable(Breaks.scala:38)
	at scala.tools.nsc.interactive.Global.pollForWork(Global.scala:429)
	at scala.tools.nsc.interactive.PresentationCompilerThread.run(PresentationCompilerThread.scala:22)
2015-09-20 14:25:35,271 ERROR [main] - org.scala-ide.sdt.core - org.scala-ide.sdt.core - org.scala-ide.sdt.core - 0 - Throwable during asyncExec
java.lang.StringIndexOutOfBoundsException: String index out of range: -1
	at java.lang.String.substring(Unknown Source)
	at scala.tools.refactoring.common.PimpedTrees$TreeMethodsForPositions.nameString(PimpedTrees.scala:345)
	at scala.tools.refactoring.common.PimpedTrees$TreeMethodsForPositions.namePosition(PimpedTrees.scala:253)
	at org.scalaide.core.internal.decorators.semantichighlighting.classifier.SafeSymbol$$anonfun$6.apply(SafeSymbol.scala:138)
	at org.scalaide.core.internal.decorators.semantichighlighting.classifier.SafeSymbol$$anonfun$6.apply(SafeSymbol.scala:138)
	at scala.tools.nsc.util.InterruptReq.execute(InterruptReq.scala:26)
	at scala.tools.nsc.interactive.Global$$anonfun$pollForWork$1.apply$mcV$sp(Global.scala:455)
	at scala.util.control.Breaks.breakable(Breaks.scala:38)
	at scala.tools.nsc.interactive.Global.pollForWork(Global.scala:429)
	at scala.tools.nsc.interactive.PresentationCompilerThread.run(PresentationCompilerThread.scala:22)
2015-09-20 14:25:37,468 ERROR [main] - org.scala-ide.sdt.core - org.scala-ide.sdt.core - org.scala-ide.sdt.core - 0 - Throwable during asyncExec
java.lang.StringIndexOutOfBoundsException: String index out of range: -1
	at java.lang.String.substring(Unknown Source)
	at scala.tools.refactoring.common.PimpedTrees$TreeMethodsForPositions.nameString(PimpedTrees.scala:345)
	at scala.tools.refactoring.common.PimpedTrees$TreeMethodsForPositions.namePosition(PimpedTrees.scala:253)
	at org.scalaide.core.internal.decorators.semantichighlighting.classifier.SafeSymbol$$anonfun$6.apply(SafeSymbol.scala:138)
	at org.scalaide.core.internal.decorators.semantichighlighting.classifier.SafeSymbol$$anonfun$6.apply(SafeSymbol.scala:138)
	at scala.tools.nsc.util.InterruptReq.execute(InterruptReq.scala:26)
	at scala.tools.nsc.interactive.Global$$anonfun$pollForWork$1.apply$mcV$sp(Global.scala:455)
	at scala.util.control.Breaks.breakable(Breaks.scala:38)
	at scala.tools.nsc.interactive.Global.pollForWork(Global.scala:429)
	at scala.tools.nsc.interactive.PresentationCompilerThread.run(PresentationCompilerThread.scala:22)
2015-09-20 14:25:39,613 ERROR [main] - org.scala-ide.sdt.core - org.scala-ide.sdt.core - org.scala-ide.sdt.core - 0 - Throwable during asyncExec
java.lang.StringIndexOutOfBoundsException: String index out of range: -1
	at java.lang.String.substring(Unknown Source)
	at scala.tools.refactoring.common.PimpedTrees$TreeMethodsForPositions.nameString(PimpedTrees.scala:345)
	at scala.tools.refactoring.common.PimpedTrees$TreeMethodsForPositions.namePosition(PimpedTrees.scala:253)
	at org.scalaide.core.internal.decorators.semantichighlighting.classifier.SafeSymbol$$anonfun$6.apply(SafeSymbol.scala:138)
	at org.scalaide.core.internal.decorators.semantichighlighting.classifier.SafeSymbol$$anonfun$6.apply(SafeSymbol.scala:138)
	at scala.tools.nsc.util.InterruptReq.execute(InterruptReq.scala:26)
	at scala.tools.nsc.interactive.Global$$anonfun$pollForWork$1.apply$mcV$sp(Global.scala:455)
	at scala.util.control.Breaks.breakable(Breaks.scala:38)
	at scala.tools.nsc.interactive.Global.pollForWork(Global.scala:429)
	at scala.tools.nsc.interactive.PresentationCompilerThread.run(PresentationCompilerThread.scala:22)
2015-09-20 14:25:40,747 ERROR [main] - org.scala-ide.sdt.core - org.scala-ide.sdt.core - org.scala-ide.sdt.core - 0 - Throwable during asyncExec
java.lang.StringIndexOutOfBoundsException: String index out of range: -1
	at java.lang.String.substring(Unknown Source)
	at scala.tools.refactoring.common.PimpedTrees$TreeMethodsForPositions.nameString(PimpedTrees.scala:345)
	at scala.tools.refactoring.common.PimpedTrees$TreeMethodsForPositions.namePosition(PimpedTrees.scala:253)
	at org.scalaide.core.internal.decorators.semantichighlighting.classifier.SafeSymbol$$anonfun$6.apply(SafeSymbol.scala:138)
	at org.scalaide.core.internal.decorators.semantichighlighting.classifier.SafeSymbol$$anonfun$6.apply(SafeSymbol.scala:138)
	at scala.tools.nsc.util.InterruptReq.execute(InterruptReq.scala:26)
	at scala.tools.nsc.interactive.Global$$anonfun$pollForWork$1.apply$mcV$sp(Global.scala:455)
	at scala.util.control.Breaks.breakable(Breaks.scala:38)
	at scala.tools.nsc.interactive.Global.pollForWork(Global.scala:429)
	at scala.tools.nsc.interactive.PresentationCompilerThread.run(PresentationCompilerThread.scala:22)
2015-09-20 14:25:46,890 ERROR [main] - org.scala-ide.sdt.core - org.scala-ide.sdt.core - org.scala-ide.sdt.core - 0 - Throwable during asyncExec
java.lang.StringIndexOutOfBoundsException: String index out of range: -1
	at java.lang.String.substring(Unknown Source)
	at scala.tools.refactoring.common.PimpedTrees$TreeMethodsForPositions.nameString(PimpedTrees.scala:345)
	at scala.tools.refactoring.common.PimpedTrees$TreeMethodsForPositions.namePosition(PimpedTrees.scala:253)
	at org.scalaide.core.internal.decorators.semantichighlighting.classifier.SafeSymbol$$anonfun$6.apply(SafeSymbol.scala:138)
	at org.scalaide.core.internal.decorators.semantichighlighting.classifier.SafeSymbol$$anonfun$6.apply(SafeSymbol.scala:138)
	at scala.tools.nsc.util.InterruptReq.execute(InterruptReq.scala:26)
	at scala.tools.nsc.interactive.Global$$anonfun$pollForWork$1.apply$mcV$sp(Global.scala:455)
	at scala.util.control.Breaks.breakable(Breaks.scala:38)
	at scala.tools.nsc.interactive.Global.pollForWork(Global.scala:429)
	at scala.tools.nsc.interactive.PresentationCompilerThread.run(PresentationCompilerThread.scala:22)
2015-09-20 14:25:49,543 ERROR [main] - org.scala-ide.sdt.core - org.scala-ide.sdt.core - org.scala-ide.sdt.core - 0 - Throwable during asyncExec
java.lang.StringIndexOutOfBoundsException: String index out of range: -1
	at java.lang.String.substring(Unknown Source)
	at scala.tools.refactoring.common.PimpedTrees$TreeMethodsForPositions.nameString(PimpedTrees.scala:345)
	at scala.tools.refactoring.common.PimpedTrees$TreeMethodsForPositions.namePosition(PimpedTrees.scala:253)
	at org.scalaide.core.internal.decorators.semantichighlighting.classifier.SafeSymbol$$anonfun$6.apply(SafeSymbol.scala:138)
	at org.scalaide.core.internal.decorators.semantichighlighting.classifier.SafeSymbol$$anonfun$6.apply(SafeSymbol.scala:138)
	at scala.tools.nsc.util.InterruptReq.execute(InterruptReq.scala:26)
	at scala.tools.nsc.interactive.Global$$anonfun$pollForWork$1.apply$mcV$sp(Global.scala:455)
	at scala.util.control.Breaks.breakable(Breaks.scala:38)
	at scala.tools.nsc.interactive.Global.pollForWork(Global.scala:429)
	at scala.tools.nsc.interactive.PresentationCompilerThread.run(PresentationCompilerThread.scala:22)
2015-09-20 14:25:56,454 ERROR [main] - org.scala-ide.sdt.core - org.scala-ide.sdt.core - org.scala-ide.sdt.core - 0 - Throwable during asyncExec
java.lang.StringIndexOutOfBoundsException: String index out of range: -1
	at java.lang.String.substring(Unknown Source)
	at scala.tools.refactoring.common.PimpedTrees$TreeMethodsForPositions.nameString(PimpedTrees.scala:345)
	at scala.tools.refactoring.common.PimpedTrees$TreeMethodsForPositions.namePosition(PimpedTrees.scala:253)
	at org.scalaide.core.internal.decorators.semantichighlighting.classifier.SafeSymbol$$anonfun$6.apply(SafeSymbol.scala:138)
	at org.scalaide.core.internal.decorators.semantichighlighting.classifier.SafeSymbol$$anonfun$6.apply(SafeSymbol.scala:138)
	at scala.tools.nsc.util.InterruptReq.execute(InterruptReq.scala:26)
	at scala.tools.nsc.interactive.Global$$anonfun$pollForWork$1.apply$mcV$sp(Global.scala:455)
	at scala.util.control.Breaks.breakable(Breaks.scala:38)
	at scala.tools.nsc.interactive.Global.pollForWork(Global.scala:429)
	at scala.tools.nsc.interactive.PresentationCompilerThread.run(PresentationCompilerThread.scala:22)
2015-09-20 14:25:57,688 ERROR [main] - org.scala-ide.sdt.core - org.scala-ide.sdt.core - org.scala-ide.sdt.core - 0 - Throwable during asyncExec
java.lang.StringIndexOutOfBoundsException: String index out of range: -1
	at java.lang.String.substring(Unknown Source)
	at scala.tools.refactoring.common.PimpedTrees$TreeMethodsForPositions.nameString(PimpedTrees.scala:345)
	at scala.tools.refactoring.common.PimpedTrees$TreeMethodsForPositions.namePosition(PimpedTrees.scala:253)
	at org.scalaide.core.internal.decorators.semantichighlighting.classifier.SafeSymbol$$anonfun$6.apply(SafeSymbol.scala:138)
	at org.scalaide.core.internal.decorators.semantichighlighting.classifier.SafeSymbol$$anonfun$6.apply(SafeSymbol.scala:138)
	at scala.tools.nsc.util.InterruptReq.execute(InterruptReq.scala:26)
	at scala.tools.nsc.interactive.Global$$anonfun$pollForWork$1.apply$mcV$sp(Global.scala:455)
	at scala.util.control.Breaks.breakable(Breaks.scala:38)
	at scala.tools.nsc.interactive.Global.pollForWork(Global.scala:429)
	at scala.tools.nsc.interactive.PresentationCompilerThread.run(PresentationCompilerThread.scala:22)
2015-09-20 14:26:26,923 ERROR [main] - org.scala-ide.sdt.core - org.scala-ide.sdt.core - org.scala-ide.sdt.core - 0 - Throwable during asyncExec
java.lang.StringIndexOutOfBoundsException: String index out of range: -1
	at java.lang.String.substring(Unknown Source)
	at scala.tools.refactoring.common.PimpedTrees$TreeMethodsForPositions.nameString(PimpedTrees.scala:345)
	at scala.tools.refactoring.common.PimpedTrees$TreeMethodsForPositions.namePosition(PimpedTrees.scala:253)
	at org.scalaide.core.internal.decorators.semantichighlighting.classifier.SafeSymbol$$anonfun$6.apply(SafeSymbol.scala:138)
	at org.scalaide.core.internal.decorators.semantichighlighting.classifier.SafeSymbol$$anonfun$6.apply(SafeSymbol.scala:138)
	at scala.tools.nsc.util.InterruptReq.execute(InterruptReq.scala:26)
	at scala.tools.nsc.interactive.Global$$anonfun$pollForWork$1.apply$mcV$sp(Global.scala:455)
	at scala.util.control.Breaks.breakable(Breaks.scala:38)
	at scala.tools.nsc.interactive.Global.pollForWork(Global.scala:429)
	at scala.tools.nsc.interactive.PresentationCompilerThread.run(PresentationCompilerThread.scala:22)
2015-09-20 14:26:31,616 ERROR [main] - org.scala-ide.sdt.core - org.scala-ide.sdt.core - org.scala-ide.sdt.core - 0 - Throwable during asyncExec
java.lang.StringIndexOutOfBoundsException: String index out of range: -1
	at java.lang.String.substring(Unknown Source)
	at scala.tools.refactoring.common.PimpedTrees$TreeMethodsForPositions.nameString(PimpedTrees.scala:345)
	at scala.tools.refactoring.common.PimpedTrees$TreeMethodsForPositions.namePosition(PimpedTrees.scala:253)
	at org.scalaide.core.internal.decorators.semantichighlighting.classifier.SafeSymbol$$anonfun$6.apply(SafeSymbol.scala:138)
	at org.scalaide.core.internal.decorators.semantichighlighting.classifier.SafeSymbol$$anonfun$6.apply(SafeSymbol.scala:138)
	at scala.tools.nsc.util.InterruptReq.execute(InterruptReq.scala:26)
	at scala.tools.nsc.interactive.Global$$anonfun$pollForWork$1.apply$mcV$sp(Global.scala:455)
	at scala.util.control.Breaks.breakable(Breaks.scala:38)
	at scala.tools.nsc.interactive.Global.pollForWork(Global.scala:429)
	at scala.tools.nsc.interactive.PresentationCompilerThread.run(PresentationCompilerThread.scala:22)
2015-09-20 14:26:32,757 ERROR [main] - org.scala-ide.sdt.core - org.scala-ide.sdt.core - org.scala-ide.sdt.core - 0 - Throwable during asyncExec
java.lang.StringIndexOutOfBoundsException: String index out of range: -1
	at java.lang.String.substring(Unknown Source)
	at scala.tools.refactoring.common.PimpedTrees$TreeMethodsForPositions.nameString(PimpedTrees.scala:345)
	at scala.tools.refactoring.common.PimpedTrees$TreeMethodsForPositions.namePosition(PimpedTrees.scala:253)
	at org.scalaide.core.internal.decorators.semantichighlighting.classifier.SafeSymbol$$anonfun$6.apply(SafeSymbol.scala:138)
	at org.scalaide.core.internal.decorators.semantichighlighting.classifier.SafeSymbol$$anonfun$6.apply(SafeSymbol.scala:138)
	at scala.tools.nsc.util.InterruptReq.execute(InterruptReq.scala:26)
	at scala.tools.nsc.interactive.Global$$anonfun$pollForWork$1.apply$mcV$sp(Global.scala:455)
	at scala.util.control.Breaks.breakable(Breaks.scala:38)
	at scala.tools.nsc.interactive.Global.pollForWork(Global.scala:429)
	at scala.tools.nsc.interactive.PresentationCompilerThread.run(PresentationCompilerThread.scala:22)
2015-09-20 14:26:34,998 ERROR [main] - org.scala-ide.sdt.core - org.scala-ide.sdt.core - org.scala-ide.sdt.core - 0 - Throwable during asyncExec
java.lang.StringIndexOutOfBoundsException: String index out of range: -1
	at java.lang.String.substring(Unknown Source)
	at scala.tools.refactoring.common.PimpedTrees$TreeMethodsForPositions.nameString(PimpedTrees.scala:345)
	at scala.tools.refactoring.common.PimpedTrees$TreeMethodsForPositions.namePosition(PimpedTrees.scala:253)
	at org.scalaide.core.internal.decorators.semantichighlighting.classifier.SafeSymbol$$anonfun$6.apply(SafeSymbol.scala:138)
	at org.scalaide.core.internal.decorators.semantichighlighting.classifier.SafeSymbol$$anonfun$6.apply(SafeSymbol.scala:138)
	at scala.tools.nsc.util.InterruptReq.execute(InterruptReq.scala:26)
	at scala.tools.nsc.interactive.Global$$anonfun$pollForWork$1.apply$mcV$sp(Global.scala:455)
	at scala.util.control.Breaks.breakable(Breaks.scala:38)
	at scala.tools.nsc.interactive.Global.pollForWork(Global.scala:429)
	at scala.tools.nsc.interactive.PresentationCompilerThread.run(PresentationCompilerThread.scala:22)
2015-09-20 14:27:55,117 ERROR [main] - org.scala-ide.sdt.core - org.scala-ide.sdt.core - org.scala-ide.sdt.core - 0 - Throwable during asyncExec
java.lang.StringIndexOutOfBoundsException: String index out of range: -1
	at java.lang.String.substring(Unknown Source)
	at scala.tools.refactoring.common.PimpedTrees$TreeMethodsForPositions.nameString(PimpedTrees.scala:345)
	at scala.tools.refactoring.common.PimpedTrees$TreeMethodsForPositions.namePosition(PimpedTrees.scala:253)
	at org.scalaide.core.internal.decorators.semantichighlighting.classifier.SafeSymbol$$anonfun$6.apply(SafeSymbol.scala:138)
	at org.scalaide.core.internal.decorators.semantichighlighting.classifier.SafeSymbol$$anonfun$6.apply(SafeSymbol.scala:138)
	at scala.tools.nsc.util.InterruptReq.execute(InterruptReq.scala:26)
	at scala.tools.nsc.interactive.Global$$anonfun$pollForWork$1.apply$mcV$sp(Global.scala:455)
	at scala.util.control.Breaks.breakable(Breaks.scala:38)
	at scala.tools.nsc.interactive.Global.pollForWork(Global.scala:429)
	at scala.tools.nsc.interactive.PresentationCompilerThread.run(PresentationCompilerThread.scala:22)
2015-09-20 14:28:15,180 ERROR [main] - org.scala-ide.sdt.core - org.scala-ide.sdt.core - org.scala-ide.sdt.core - 0 - Throwable during asyncExec
java.lang.StringIndexOutOfBoundsException: String index out of range: -1
	at java.lang.String.substring(Unknown Source)
	at scala.tools.refactoring.common.PimpedTrees$TreeMethodsForPositions.nameString(PimpedTrees.scala:345)
	at scala.tools.refactoring.common.PimpedTrees$TreeMethodsForPositions.namePosition(PimpedTrees.scala:253)
	at org.scalaide.core.internal.decorators.semantichighlighting.classifier.SafeSymbol$$anonfun$6.apply(SafeSymbol.scala:138)
	at org.scalaide.core.internal.decorators.semantichighlighting.classifier.SafeSymbol$$anonfun$6.apply(SafeSymbol.scala:138)
	at scala.tools.nsc.util.InterruptReq.execute(InterruptReq.scala:26)
	at scala.tools.nsc.interactive.Global$$anonfun$pollForWork$1.apply$mcV$sp(Global.scala:455)
	at scala.util.control.Breaks.breakable(Breaks.scala:38)
	at scala.tools.nsc.interactive.Global.pollForWork(Global.scala:429)
	at scala.tools.nsc.interactive.PresentationCompilerThread.run(PresentationCompilerThread.scala:22)
2015-09-20 18:47:55,477  WARN [main] - ScalaProject - Project Hello-World has platform default sourceLevel.
2015-09-20 18:47:55,500  WARN [main] - ScalaProject - Project Hello-World runs on platform default installation.
2015-09-20 18:48:03,311  WARN [main] - org.scala-ide.sdt.core - org.scala-ide.sdt.core - org.scala-ide.sdt.core - 0 - Preference scala.compiler.sourceLevel was uninitialized for progfun-example, setting default to 2.11.
2015-09-20 18:48:03,315  WARN [main] - org.scala-ide.sdt.core - org.scala-ide.sdt.core - org.scala-ide.sdt.core - 0 - Preference scala.compiler.installation was uninitialized for progfun-example, setting default to 2.11.
2015-09-20 18:48:14,412 ERROR [main] - org.scala-ide.sdt.core - org.scala-ide.sdt.core - org.scala-ide.sdt.core - 0 - Throwable during asyncExec
java.lang.StringIndexOutOfBoundsException: String index out of range: -1
	at java.lang.String.substring(Unknown Source)
	at scala.tools.refactoring.common.PimpedTrees$TreeMethodsForPositions.nameString(PimpedTrees.scala:345)
	at scala.tools.refactoring.common.PimpedTrees$TreeMethodsForPositions.namePosition(PimpedTrees.scala:253)
	at org.scalaide.core.internal.decorators.semantichighlighting.classifier.SafeSymbol$$anonfun$6.apply(SafeSymbol.scala:138)
	at org.scalaide.core.internal.decorators.semantichighlighting.classifier.SafeSymbol$$anonfun$6.apply(SafeSymbol.scala:138)
	at scala.tools.nsc.util.InterruptReq.execute(InterruptReq.scala:26)
	at scala.tools.nsc.interactive.Global$$anonfun$pollForWork$1.apply$mcV$sp(Global.scala:455)
	at scala.util.control.Breaks.breakable(Breaks.scala:38)
	at scala.tools.nsc.interactive.Global.pollForWork(Global.scala:429)
	at scala.tools.nsc.interactive.PresentationCompilerThread.run(PresentationCompilerThread.scala:22)
2015-09-20 18:50:16,973 ERROR [main] - org.scala-ide.sdt.core - org.scala-ide.sdt.core - org.scala-ide.sdt.core - 0 - Throwable during asyncExec
java.lang.StringIndexOutOfBoundsException: String index out of range: -1
	at java.lang.String.substring(Unknown Source)
	at scala.tools.refactoring.common.PimpedTrees$TreeMethodsForPositions.nameString(PimpedTrees.scala:345)
	at scala.tools.refactoring.common.PimpedTrees$TreeMethodsForPositions.namePosition(PimpedTrees.scala:253)
	at org.scalaide.core.internal.decorators.semantichighlighting.classifier.SafeSymbol$$anonfun$6.apply(SafeSymbol.scala:138)
	at org.scalaide.core.internal.decorators.semantichighlighting.classifier.SafeSymbol$$anonfun$6.apply(SafeSymbol.scala:138)
	at scala.tools.nsc.util.InterruptReq.execute(InterruptReq.scala:26)
	at scala.tools.nsc.interactive.Global$$anonfun$pollForWork$1.apply$mcV$sp(Global.scala:455)
	at scala.util.control.Breaks.breakable(Breaks.scala:38)
	at scala.tools.nsc.interactive.Global.pollForWork(Global.scala:429)
	at scala.tools.nsc.interactive.PresentationCompilerThread.run(PresentationCompilerThread.scala:22)
2015-09-20 18:50:45,935 ERROR [main] - org.scala-ide.sdt.core - org.scala-ide.sdt.core - org.scala-ide.sdt.core - 0 - Throwable during asyncExec
java.lang.StringIndexOutOfBoundsException: String index out of range: -1
	at java.lang.String.substring(Unknown Source)
	at scala.tools.refactoring.common.PimpedTrees$TreeMethodsForPositions.nameString(PimpedTrees.scala:345)
	at scala.tools.refactoring.common.PimpedTrees$TreeMethodsForPositions.namePosition(PimpedTrees.scala:253)
	at org.scalaide.core.internal.decorators.semantichighlighting.classifier.SafeSymbol$$anonfun$6.apply(SafeSymbol.scala:138)
	at org.scalaide.core.internal.decorators.semantichighlighting.classifier.SafeSymbol$$anonfun$6.apply(SafeSymbol.scala:138)
	at scala.tools.nsc.util.InterruptReq.execute(InterruptReq.scala:26)
	at scala.tools.nsc.interactive.Global$$anonfun$pollForWork$1.apply$mcV$sp(Global.scala:455)
	at scala.util.control.Breaks.breakable(Breaks.scala:38)
	at scala.tools.nsc.interactive.Global.pollForWork(Global.scala:429)
	at scala.tools.nsc.interactive.PresentationCompilerThread.run(PresentationCompilerThread.scala:22)
2015-09-20 18:50:49,539 ERROR [main] - org.scala-ide.sdt.core - org.scala-ide.sdt.core - org.scala-ide.sdt.core - 0 - Throwable during asyncExec
java.lang.StringIndexOutOfBoundsException: String index out of range: -1
	at java.lang.String.substring(Unknown Source)
	at scala.tools.refactoring.common.PimpedTrees$TreeMethodsForPositions.nameString(PimpedTrees.scala:345)
	at scala.tools.refactoring.common.PimpedTrees$TreeMethodsForPositions.namePosition(PimpedTrees.scala:253)
	at org.scalaide.core.internal.decorators.semantichighlighting.classifier.SafeSymbol$$anonfun$6.apply(SafeSymbol.scala:138)
	at org.scalaide.core.internal.decorators.semantichighlighting.classifier.SafeSymbol$$anonfun$6.apply(SafeSymbol.scala:138)
	at scala.tools.nsc.util.InterruptReq.execute(InterruptReq.scala:26)
	at scala.tools.nsc.interactive.Global$$anonfun$pollForWork$1.apply$mcV$sp(Global.scala:455)
	at scala.util.control.Breaks.breakable(Breaks.scala:38)
	at scala.tools.nsc.interactive.Global.pollForWork(Global.scala:429)
	at scala.tools.nsc.interactive.PresentationCompilerThread.run(PresentationCompilerThread.scala:22)
2015-09-20 18:51:00,012 ERROR [main] - org.scala-ide.sdt.core - org.scala-ide.sdt.core - org.scala-ide.sdt.core - 0 - Throwable during asyncExec
java.lang.StringIndexOutOfBoundsException: String index out of range: -1
	at java.lang.String.substring(Unknown Source)
	at scala.tools.refactoring.common.PimpedTrees$TreeMethodsForPositions.nameString(PimpedTrees.scala:345)
	at scala.tools.refactoring.common.PimpedTrees$TreeMethodsForPositions.namePosition(PimpedTrees.scala:253)
	at org.scalaide.core.internal.decorators.semantichighlighting.classifier.SafeSymbol$$anonfun$6.apply(SafeSymbol.scala:138)
	at org.scalaide.core.internal.decorators.semantichighlighting.classifier.SafeSymbol$$anonfun$6.apply(SafeSymbol.scala:138)
	at scala.tools.nsc.util.InterruptReq.execute(InterruptReq.scala:26)
	at scala.tools.nsc.interactive.Global$$anonfun$pollForWork$1.apply$mcV$sp(Global.scala:455)
	at scala.util.control.Breaks.breakable(Breaks.scala:38)
	at scala.tools.nsc.interactive.Global.pollForWork(Global.scala:429)
	at scala.tools.nsc.interactive.PresentationCompilerThread.run(PresentationCompilerThread.scala:22)
2015-09-20 18:51:09,340 ERROR [main] - org.scala-ide.sdt.core - org.scala-ide.sdt.core - org.scala-ide.sdt.core - 0 - Throwable during asyncExec
java.lang.StringIndexOutOfBoundsException: String index out of range: -1
	at java.lang.String.substring(Unknown Source)
	at scala.tools.refactoring.common.PimpedTrees$TreeMethodsForPositions.nameString(PimpedTrees.scala:345)
	at scala.tools.refactoring.common.PimpedTrees$TreeMethodsForPositions.namePosition(PimpedTrees.scala:253)
	at org.scalaide.core.internal.decorators.semantichighlighting.classifier.SafeSymbol$$anonfun$6.apply(SafeSymbol.scala:138)
	at org.scalaide.core.internal.decorators.semantichighlighting.classifier.SafeSymbol$$anonfun$6.apply(SafeSymbol.scala:138)
	at scala.tools.nsc.util.InterruptReq.execute(InterruptReq.scala:26)
	at scala.tools.nsc.interactive.Global$$anonfun$pollForWork$1.apply$mcV$sp(Global.scala:455)
	at scala.util.control.Breaks.breakable(Breaks.scala:38)
	at scala.tools.nsc.interactive.Global.pollForWork(Global.scala:429)
	at scala.tools.nsc.interactive.PresentationCompilerThread.run(PresentationCompilerThread.scala:22)
2015-09-20 18:51:10,201 ERROR [main] - org.scala-ide.sdt.core - org.scala-ide.sdt.core - org.scala-ide.sdt.core - 0 - Throwable during asyncExec
java.lang.StringIndexOutOfBoundsException: String index out of range: -1
	at java.lang.String.substring(Unknown Source)
	at scala.tools.refactoring.common.PimpedTrees$TreeMethodsForPositions.nameString(PimpedTrees.scala:345)
	at scala.tools.refactoring.common.PimpedTrees$TreeMethodsForPositions.namePosition(PimpedTrees.scala:253)
	at org.scalaide.core.internal.decorators.semantichighlighting.classifier.SafeSymbol$$anonfun$6.apply(SafeSymbol.scala:138)
	at org.scalaide.core.internal.decorators.semantichighlighting.classifier.SafeSymbol$$anonfun$6.apply(SafeSymbol.scala:138)
	at scala.tools.nsc.util.InterruptReq.execute(InterruptReq.scala:26)
	at scala.tools.nsc.interactive.Global$$anonfun$pollForWork$1.apply$mcV$sp(Global.scala:455)
	at scala.util.control.Breaks.breakable(Breaks.scala:38)
	at scala.tools.nsc.interactive.Global.pollForWork(Global.scala:429)
	at scala.tools.nsc.interactive.PresentationCompilerThread.run(PresentationCompilerThread.scala:22)
2015-09-20 18:52:51,852 ERROR [main] - org.scala-ide.sdt.core - org.scala-ide.sdt.core - org.scala-ide.sdt.core - 0 - Throwable during asyncExec
java.lang.StringIndexOutOfBoundsException: String index out of range: -1
	at java.lang.String.substring(Unknown Source)
	at scala.tools.refactoring.common.PimpedTrees$TreeMethodsForPositions.nameString(PimpedTrees.scala:345)
	at scala.tools.refactoring.common.PimpedTrees$TreeMethodsForPositions.namePosition(PimpedTrees.scala:253)
	at org.scalaide.core.internal.decorators.semantichighlighting.classifier.SafeSymbol$$anonfun$6.apply(SafeSymbol.scala:138)
	at org.scalaide.core.internal.decorators.semantichighlighting.classifier.SafeSymbol$$anonfun$6.apply(SafeSymbol.scala:138)
	at scala.tools.nsc.util.InterruptReq.execute(InterruptReq.scala:26)
	at scala.tools.nsc.interactive.Global$$anonfun$pollForWork$1.apply$mcV$sp(Global.scala:455)
	at scala.util.control.Breaks.breakable(Breaks.scala:38)
	at scala.tools.nsc.interactive.Global.pollForWork(Global.scala:429)
	at scala.tools.nsc.interactive.PresentationCompilerThread.run(PresentationCompilerThread.scala:22)
2015-09-20 18:53:17,240 ERROR [Text Viewer Hover Presenter] - IScalaPresentationCompiler$ - Ignoring InterruptException
2015-09-20 18:53:17,251 ERROR [Text Viewer Hover Presenter] - IScalaPresentationCompiler$ - Ignoring InterruptException
2015-09-20 18:53:17,252 ERROR [Text Viewer Hover Presenter] - IScalaPresentationCompiler$ - Ignoring InterruptException
2015-09-20 18:53:17,252 ERROR [Text Viewer Hover Presenter] - IScalaPresentationCompiler$ - Ignoring InterruptException
2015-09-20 18:53:53,926 ERROR [Text Viewer Hover Presenter] - IScalaPresentationCompiler$ - Ignoring InterruptException
2015-09-20 18:53:53,941 ERROR [Text Viewer Hover Presenter] - IScalaPresentationCompiler$ - Ignoring InterruptException
2015-09-20 18:53:53,942 ERROR [Text Viewer Hover Presenter] - IScalaPresentationCompiler$ - Ignoring InterruptException
2015-09-20 18:53:53,942 ERROR [Text Viewer Hover Presenter] - IScalaPresentationCompiler$ - Ignoring InterruptException
2015-09-20 18:54:08,201 ERROR [Text Viewer Hover Presenter] - IScalaPresentationCompiler$ - Ignoring InterruptException
2015-09-20 18:54:08,218 ERROR [Text Viewer Hover Presenter] - IScalaPresentationCompiler$ - Ignoring InterruptException
2015-09-20 18:54:08,218 ERROR [Text Viewer Hover Presenter] - IScalaPresentationCompiler$ - Ignoring InterruptException
2015-09-20 18:54:08,219 ERROR [Text Viewer Hover Presenter] - IScalaPresentationCompiler$ - Ignoring InterruptException
2015-09-20 19:08:57,428  WARN [org.scalaide.ui.internal.reconciliation.ScalaReconciler] - TraverserImpl$ - Skipping annotation, position length = 0, position offset = 905
2015-09-20 19:57:06,203  WARN [org.scalaide.ui.internal.reconciliation.ScalaReconciler] - CallByNameParamAtCreationPresenter - Timeout while waiting for `askLoadedTyped` during semantic highlighting.
2015-09-20 19:57:59,516 ERROR [Worker-39] - System.err - SLF4J: Failed to load class "org.slf4j.impl.StaticLoggerBinder".
2015-09-20 19:57:59,516 ERROR [Worker-39] - System.err - SLF4J: Defaulting to no-operation (NOP) logger implementation
2015-09-20 19:57:59,517 ERROR [Worker-39] - System.err - SLF4J: See http://www.slf4j.org/codes.html#StaticLoggerBinder for further details.
2015-09-20 19:58:16,516 ERROR [Text Viewer Hover Presenter] - IScalaPresentationCompiler$ - Ignoring InterruptException
2015-09-20 19:58:16,516 ERROR [Text Viewer Hover Presenter] - IScalaPresentationCompiler$ - Ignoring InterruptException
2015-09-20 19:58:16,517 ERROR [Text Viewer Hover Presenter] - IScalaPresentationCompiler$ - Ignoring InterruptException
2015-09-20 19:58:19,549  WARN [org.scalaide.ui.internal.reconciliation.ScalaReconciler] - CallByNameParamAtCreationPresenter - Timeout while waiting for `askLoadedTyped` during semantic highlighting.
2015-09-20 20:00:02,723 ERROR [Text Viewer Hover Presenter] - IScalaPresentationCompiler$ - Ignoring InterruptException
2015-09-20 20:00:02,723 ERROR [Text Viewer Hover Presenter] - IScalaPresentationCompiler$ - Ignoring InterruptException
2015-09-20 20:00:02,724 ERROR [Text Viewer Hover Presenter] - IScalaPresentationCompiler$ - Ignoring InterruptException
2015-09-20 20:00:47,851 ERROR [Text Viewer Hover Presenter] - IScalaPresentationCompiler$ - Ignoring InterruptException
2015-09-20 20:00:47,853 ERROR [Text Viewer Hover Presenter] - IScalaPresentationCompiler$ - Ignoring InterruptException
2015-09-20 20:00:49,470 ERROR [Text Viewer Hover Presenter] - IScalaPresentationCompiler$ - Ignoring InterruptException
2015-09-20 20:00:49,470 ERROR [Text Viewer Hover Presenter] - IScalaPresentationCompiler$ - Ignoring InterruptException
2015-09-20 20:00:49,471 ERROR [Text Viewer Hover Presenter] - IScalaPresentationCompiler$ - Ignoring InterruptException
